skewer v0.2.2 [April 4, 2016]
COMMAND LINE:	skewer -m pe -q 20 -l 36 -t 16 -o ../trimming-skewer/g1_02 g1_02_R1.fastq g1_02_R2.fastq
Input file:	g1_02_R1.fastq
Paired file:	g1_02_R2.fastq
trimmed:	../trimming-skewer/g1_02-trimmed-pair1.fastq, ../trimming-skewer/g1_02-trimmed-pair2.fastq

Parameters used:
-- 3' end adapter sequence (-x):	AGATCGGAAGAGCACACGTCTGAACTCCAGTCAC
-- paired 3' end adapter sequence (-y):	AGATCGGAAGAGCGTCGTGTAGGGAAAGAGTGTA
-- maximum error ratio allowed (-r):	0.100
-- maximum indel error ratio allowed (-d):	0.030
-- end quality threshold (-q):		20
-- minimum read length allowed after trimming (-l):	36
-- file format (-f):		Sanger/Illumina 1.8+ FASTQ (auto detected)
-- number of concurrent threads (-t):	16
Wed May 21 18:47:04 2025 >> started

Wed May 21 18:47:04 2025 >> done (0.085s)
50000 read pairs processed; of these:
  514 ( 1.03%) short read pairs filtered out after trimming by size control
  291 ( 0.58%) empty read pairs filtered out after trimming by size control
49195 (98.39%) read pairs available; of these:
17218 (35.00%) trimmed read pairs available after processing
31977 (65.00%) untrimmed read pairs available after processing

Length distribution of reads after trimming:
length	count	percentage
 36	    1	  0.00%
 37	    2	  0.00%
 38	    2	  0.00%
 39	    1	  0.00%
 40	    0	  0.00%
 41	    3	  0.01%
 42	    2	  0.00%
 43	    7	  0.01%
 44	    2	  0.00%
 45	   12	  0.02%
 46	    9	  0.02%
 47	   12	  0.02%
 48	    4	  0.01%
 49	   11	  0.02%
 50	    8	  0.02%
 51	   17	  0.03%
 52	   14	  0.03%
 53	   11	  0.02%
 54	   13	  0.03%
 55	   18	  0.04%
 56	   18	  0.04%
 57	   14	  0.03%
 58	   22	  0.04%
 59	   26	  0.05%
 60	   19	  0.04%
 61	   30	  0.06%
 62	   26	  0.05%
 63	   33	  0.07%
 64	   34	  0.07%
 65	   39	  0.08%
 66	   39	  0.08%
 67	   44	  0.09%
 68	   54	  0.11%
 69	   70	  0.14%
 70	   65	  0.13%
 71	   65	  0.13%
 72	   73	  0.15%
 73	   78	  0.16%
 74	   84	  0.17%
 75	   64	  0.13%
 76	   82	  0.17%
 77	   91	  0.18%
 78	   98	  0.20%
 79	  100	  0.20%
 80	   98	  0.20%
 81	  127	  0.26%
 82	  121	  0.25%
 83	  112	  0.23%
 84	  122	  0.25%
 85	  143	  0.29%
 86	  156	  0.32%
 87	  160	  0.33%
 88	  154	  0.31%
 89	  190	  0.39%
 90	  231	  0.47%
 91	  261	  0.53%
 92	  274	  0.56%
 93	  352	  0.72%
 94	  403	  0.82%
 95	  501	  1.02%
 96	  695	  1.41%
 97	 1059	  2.15%
 98	 1841	  3.74%
 99	 8801	 17.89%
100	31977	 65.00%
