skewer v0.2.2 [April 4, 2016]
COMMAND LINE:	skewer -m pe -q 20 -l 36 -t 16 -o ../trimming-skewer/g3_02 g3_02_R1.fastq g3_02_R2.fastq
Input file:	g3_02_R1.fastq
Paired file:	g3_02_R2.fastq
trimmed:	../trimming-skewer/g3_02-trimmed-pair1.fastq, ../trimming-skewer/g3_02-trimmed-pair2.fastq

Parameters used:
-- 3' end adapter sequence (-x):	AGATCGGAAGAGCACACGTCTGAACTCCAGTCAC
-- paired 3' end adapter sequence (-y):	AGATCGGAAGAGCGTCGTGTAGGGAAAGAGTGTA
-- maximum error ratio allowed (-r):	0.100
-- maximum indel error ratio allowed (-d):	0.030
-- end quality threshold (-q):		20
-- minimum read length allowed after trimming (-l):	36
-- file format (-f):		Sanger/Illumina 1.8+ FASTQ (auto detected)
-- number of concurrent threads (-t):	16
Wed May 21 18:47:04 2025 >> started

Wed May 21 18:47:04 2025 >> done (0.088s)
50000 read pairs processed; of these:
  618 ( 1.24%) short read pairs filtered out after trimming by size control
  345 ( 0.69%) empty read pairs filtered out after trimming by size control
49037 (98.07%) read pairs available; of these:
16526 (33.70%) trimmed read pairs available after processing
32511 (66.30%) untrimmed read pairs available after processing

Length distribution of reads after trimming:
length	count	percentage
 36	    1	  0.00%
 37	    3	  0.01%
 38	    1	  0.00%
 39	    2	  0.00%
 40	    4	  0.01%
 41	    6	  0.01%
 42	    6	  0.01%
 43	    6	  0.01%
 44	    6	  0.01%
 45	    4	  0.01%
 46	    8	  0.02%
 47	    9	  0.02%
 48	    8	  0.02%
 49	   12	  0.02%
 50	   12	  0.02%
 51	   10	  0.02%
 52	   16	  0.03%
 53	   16	  0.03%
 54	   25	  0.05%
 55	   11	  0.02%
 56	   17	  0.03%
 57	   18	  0.04%
 58	   28	  0.06%
 59	   24	  0.05%
 60	   17	  0.03%
 61	   31	  0.06%
 62	   25	  0.05%
 63	   31	  0.06%
 64	   30	  0.06%
 65	   37	  0.08%
 66	   34	  0.07%
 67	   42	  0.09%
 68	   49	  0.10%
 69	   67	  0.14%
 70	   62	  0.13%
 71	   64	  0.13%
 72	   73	  0.15%
 73	   51	  0.10%
 74	   82	  0.17%
 75	   77	  0.16%
 76	   65	  0.13%
 77	   64	  0.13%
 78	  105	  0.21%
 79	  102	  0.21%
 80	   98	  0.20%
 81	  114	  0.23%
 82	  123	  0.25%
 83	  111	  0.23%
 84	  122	  0.25%
 85	  130	  0.27%
 86	  148	  0.30%
 87	  144	  0.29%
 88	  159	  0.32%
 89	  185	  0.38%
 90	  202	  0.41%
 91	  214	  0.44%
 92	  271	  0.55%
 93	  309	  0.63%
 94	  382	  0.78%
 95	  510	  1.04%
 96	  701	  1.43%
 97	 1078	  2.20%
 98	 1731	  3.53%
 99	 8433	 17.20%
100	32511	 66.30%
