skewer v0.2.2 [April 4, 2016]
COMMAND LINE:	skewer -m pe -q 20 -l 36 -t 16 -o ../trimming-skewer/g3_01 g3_01_R1.fastq g3_01_R2.fastq
Input file:	g3_01_R1.fastq
Paired file:	g3_01_R2.fastq
trimmed:	../trimming-skewer/g3_01-trimmed-pair1.fastq, ../trimming-skewer/g3_01-trimmed-pair2.fastq

Parameters used:
-- 3' end adapter sequence (-x):	AGATCGGAAGAGCACACGTCTGAACTCCAGTCAC
-- paired 3' end adapter sequence (-y):	AGATCGGAAGAGCGTCGTGTAGGGAAAGAGTGTA
-- maximum error ratio allowed (-r):	0.100
-- maximum indel error ratio allowed (-d):	0.030
-- end quality threshold (-q):		20
-- minimum read length allowed after trimming (-l):	36
-- file format (-f):		Sanger/Illumina 1.8+ FASTQ (auto detected)
-- number of concurrent threads (-t):	16
Wed May 21 18:47:04 2025 >> started

Wed May 21 18:47:04 2025 >> done (0.084s)
50000 read pairs processed; of these:
  513 ( 1.03%) short read pairs filtered out after trimming by size control
  344 ( 0.69%) empty read pairs filtered out after trimming by size control
49143 (98.29%) read pairs available; of these:
16850 (34.29%) trimmed read pairs available after processing
32293 (65.71%) untrimmed read pairs available after processing

Length distribution of reads after trimming:
length	count	percentage
 37	    2	  0.00%
 38	    2	  0.00%
 39	    1	  0.00%
 40	    2	  0.00%
 41	    2	  0.00%
 42	    8	  0.02%
 43	    5	  0.01%
 44	    6	  0.01%
 45	    8	  0.02%
 46	   11	  0.02%
 47	   15	  0.03%
 48	   11	  0.02%
 49	    8	  0.02%
 50	   14	  0.03%
 51	   12	  0.02%
 52	   18	  0.04%
 53	   13	  0.03%
 54	   15	  0.03%
 55	   18	  0.04%
 56	   27	  0.05%
 57	   25	  0.05%
 58	   13	  0.03%
 59	   14	  0.03%
 60	   15	  0.03%
 61	   27	  0.05%
 62	   18	  0.04%
 63	   27	  0.05%
 64	   31	  0.06%
 65	   34	  0.07%
 66	   39	  0.08%
 67	   37	  0.08%
 68	   58	  0.12%
 69	   63	  0.13%
 70	   63	  0.13%
 71	   65	  0.13%
 72	   83	  0.17%
 73	   68	  0.14%
 74	   66	  0.13%
 75	   62	  0.13%
 76	   80	  0.16%
 77	   99	  0.20%
 78	   83	  0.17%
 79	   96	  0.20%
 80	  119	  0.24%
 81	  124	  0.25%
 82	  115	  0.23%
 83	  129	  0.26%
 84	  134	  0.27%
 85	  164	  0.33%
 86	  128	  0.26%
 87	  158	  0.32%
 88	  156	  0.32%
 89	  193	  0.39%
 90	  193	  0.39%
 91	  215	  0.44%
 92	  277	  0.56%
 93	  335	  0.68%
 94	  384	  0.78%
 95	  552	  1.12%
 96	  759	  1.54%
 97	 1055	  2.15%
 98	 1770	  3.60%
 99	 8526	 17.35%
100	32293	 65.71%
