                                 Started job on |	May 23 11:57:15
                             Started mapping on |	May 23 11:57:15
                                    Finished on |	May 23 11:57:19
       Mapping speed, Million of reads per hour |	45.00

                          Number of input reads |	50000
                      Average input read length |	200
                                    UNIQUE READS:
                   Uniquely mapped reads number |	47330
                        Uniquely mapped reads % |	94.66%
                          Average mapped length |	199.69
                       Number of splices: Total |	15594
            Number of splices: Annotated (sjdb) |	14932
                       Number of splices: GT/AG |	15459
                       Number of splices: GC/AG |	127
                       Number of splices: AT/AC |	0
               Number of splices: Non-canonical |	8
                      Mismatch rate per base, % |	0.21%
                         Deletion rate per base |	0.01%
                        Deletion average length |	1.18
                        Insertion rate per base |	0.01%
                       Insertion average length |	1.11
                             MULTI-MAPPING READS:
        Number of reads mapped to multiple loci |	2567
             % of reads mapped to multiple loci |	5.13%
        Number of reads mapped to too many loci |	43
             % of reads mapped to too many loci |	0.09%
                                  UNMAPPED READS:
  Number of reads unmapped: too many mismatches |	0
       % of reads unmapped: too many mismatches |	0.00%
            Number of reads unmapped: too short |	5
                 % of reads unmapped: too short |	0.01%
                Number of reads unmapped: other |	55
                     % of reads unmapped: other |	0.11%
                                  CHIMERIC READS:
                       Number of chimeric reads |	0
                            % of chimeric reads |	0.00%
