                                 Started job on |	May 23 11:57:20
                             Started mapping on |	May 23 11:57:20
                                    Finished on |	May 23 11:57:24
       Mapping speed, Million of reads per hour |	45.00

                          Number of input reads |	50000
                      Average input read length |	200
                                    UNIQUE READS:
                   Uniquely mapped reads number |	47444
                        Uniquely mapped reads % |	94.89%
                          Average mapped length |	199.72
                       Number of splices: Total |	15373
            Number of splices: Annotated (sjdb) |	14744
                       Number of splices: GT/AG |	15274
                       Number of splices: GC/AG |	88
                       Number of splices: AT/AC |	1
               Number of splices: Non-canonical |	10
                      Mismatch rate per base, % |	0.22%
                         Deletion rate per base |	0.01%
                        Deletion average length |	1.18
                        Insertion rate per base |	0.01%
                       Insertion average length |	1.11
                             MULTI-MAPPING READS:
        Number of reads mapped to multiple loci |	2437
             % of reads mapped to multiple loci |	4.87%
        Number of reads mapped to too many loci |	50
             % of reads mapped to too many loci |	0.10%
                                  UNMAPPED READS:
  Number of reads unmapped: too many mismatches |	0
       % of reads unmapped: too many mismatches |	0.00%
            Number of reads unmapped: too short |	11
                 % of reads unmapped: too short |	0.02%
                Number of reads unmapped: other |	58
                     % of reads unmapped: other |	0.12%
                                  CHIMERIC READS:
                       Number of chimeric reads |	0
                            % of chimeric reads |	0.00%
