                                 Started job on |	May 23 11:57:07
                             Started mapping on |	May 23 11:57:07
                                    Finished on |	May 23 11:57:14
       Mapping speed, Million of reads per hour |	25.71

                          Number of input reads |	50000
                      Average input read length |	200
                                    UNIQUE READS:
                   Uniquely mapped reads number |	47378
                        Uniquely mapped reads % |	94.76%
                          Average mapped length |	199.68
                       Number of splices: Total |	14845
            Number of splices: Annotated (sjdb) |	14221
                       Number of splices: GT/AG |	14745
                       Number of splices: GC/AG |	97
                       Number of splices: AT/AC |	0
               Number of splices: Non-canonical |	3
                      Mismatch rate per base, % |	0.23%
                         Deletion rate per base |	0.01%
                        Deletion average length |	1.21
                        Insertion rate per base |	0.01%
                       Insertion average length |	1.10
                             MULTI-MAPPING READS:
        Number of reads mapped to multiple loci |	2485
             % of reads mapped to multiple loci |	4.97%
        Number of reads mapped to too many loci |	56
             % of reads mapped to too many loci |	0.11%
                                  UNMAPPED READS:
  Number of reads unmapped: too many mismatches |	0
       % of reads unmapped: too many mismatches |	0.00%
            Number of reads unmapped: too short |	19
                 % of reads unmapped: too short |	0.04%
                Number of reads unmapped: other |	62
                     % of reads unmapped: other |	0.12%
                                  CHIMERIC READS:
                       Number of chimeric reads |	0
                            % of chimeric reads |	0.00%
