                                 Started job on |	May 23 11:57:35
                             Started mapping on |	May 23 11:57:35
                                    Finished on |	May 23 11:57:40
       Mapping speed, Million of reads per hour |	36.00

                          Number of input reads |	50000
                      Average input read length |	200
                                    UNIQUE READS:
                   Uniquely mapped reads number |	48026
                        Uniquely mapped reads % |	96.05%
                          Average mapped length |	199.72
                       Number of splices: Total |	15073
            Number of splices: Annotated (sjdb) |	14436
                       Number of splices: GT/AG |	14985
                       Number of splices: GC/AG |	77
                       Number of splices: AT/AC |	1
               Number of splices: Non-canonical |	10
                      Mismatch rate per base, % |	0.22%
                         Deletion rate per base |	0.01%
                        Deletion average length |	1.26
                        Insertion rate per base |	0.01%
                       Insertion average length |	1.12
                             MULTI-MAPPING READS:
        Number of reads mapped to multiple loci |	1874
             % of reads mapped to multiple loci |	3.75%
        Number of reads mapped to too many loci |	43
             % of reads mapped to too many loci |	0.09%
                                  UNMAPPED READS:
  Number of reads unmapped: too many mismatches |	0
       % of reads unmapped: too many mismatches |	0.00%
            Number of reads unmapped: too short |	9
                 % of reads unmapped: too short |	0.02%
                Number of reads unmapped: other |	48
                     % of reads unmapped: other |	0.10%
                                  CHIMERIC READS:
                       Number of chimeric reads |	0
                            % of chimeric reads |	0.00%
