                                 Started job on |	May 23 11:57:30
                             Started mapping on |	May 23 11:57:30
                                    Finished on |	May 23 11:57:35
       Mapping speed, Million of reads per hour |	36.00

                          Number of input reads |	50000
                      Average input read length |	200
                                    UNIQUE READS:
                   Uniquely mapped reads number |	47912
                        Uniquely mapped reads % |	95.82%
                          Average mapped length |	199.71
                       Number of splices: Total |	15527
            Number of splices: Annotated (sjdb) |	14907
                       Number of splices: GT/AG |	15427
                       Number of splices: GC/AG |	96
                       Number of splices: AT/AC |	0
               Number of splices: Non-canonical |	4
                      Mismatch rate per base, % |	0.22%
                         Deletion rate per base |	0.01%
                        Deletion average length |	1.21
                        Insertion rate per base |	0.01%
                       Insertion average length |	1.11
                             MULTI-MAPPING READS:
        Number of reads mapped to multiple loci |	1959
             % of reads mapped to multiple loci |	3.92%
        Number of reads mapped to too many loci |	65
             % of reads mapped to too many loci |	0.13%
                                  UNMAPPED READS:
  Number of reads unmapped: too many mismatches |	0
       % of reads unmapped: too many mismatches |	0.00%
            Number of reads unmapped: too short |	8
                 % of reads unmapped: too short |	0.02%
                Number of reads unmapped: other |	56
                     % of reads unmapped: other |	0.11%
                                  CHIMERIC READS:
                       Number of chimeric reads |	0
                            % of chimeric reads |	0.00%
