                                 Started job on |	May 23 11:57:25
                             Started mapping on |	May 23 11:57:25
                                    Finished on |	May 23 11:57:30
       Mapping speed, Million of reads per hour |	36.00

                          Number of input reads |	50000
                      Average input read length |	200
                                    UNIQUE READS:
                   Uniquely mapped reads number |	46961
                        Uniquely mapped reads % |	93.92%
                          Average mapped length |	199.70
                       Number of splices: Total |	14960
            Number of splices: Annotated (sjdb) |	14260
                       Number of splices: GT/AG |	14846
                       Number of splices: GC/AG |	104
                       Number of splices: AT/AC |	2
               Number of splices: Non-canonical |	8
                      Mismatch rate per base, % |	0.22%
                         Deletion rate per base |	0.01%
                        Deletion average length |	1.17
                        Insertion rate per base |	0.01%
                       Insertion average length |	1.14
                             MULTI-MAPPING READS:
        Number of reads mapped to multiple loci |	2911
             % of reads mapped to multiple loci |	5.82%
        Number of reads mapped to too many loci |	57
             % of reads mapped to too many loci |	0.11%
                                  UNMAPPED READS:
  Number of reads unmapped: too many mismatches |	0
       % of reads unmapped: too many mismatches |	0.00%
            Number of reads unmapped: too short |	13
                 % of reads unmapped: too short |	0.03%
                Number of reads unmapped: other |	58
                     % of reads unmapped: other |	0.12%
                                  CHIMERIC READS:
                       Number of chimeric reads |	0
                            % of chimeric reads |	0.00%
